<?xml version="1.0" encoding="UTF-8"?>
<!-- Generated by org.testng.reporters.JUnitXMLReporter -->
<testsuite hostname="DESKTOP-1PLAJR2" name="Test" tests="3" failures="1" timestamp="19 Apr 2022 10:33:38 GMT" time="0.087" errors="0">
  <testcase name="firstMethod" time="0.036" classname="test.Ireport"/>
  <testcase name="secondMethod" time="0.002" classname="test.Ireport">
    <failure type="java.lang.AssertionError" message="expected [true] but found [false]">
      <![CDATA[java.lang.AssertionError: expected [true] but found [false]
	at test.Ireport.secondMethod(Ireport.java:17)
... Removed 28 stack frames]]>
    </failure>
  </testcase> <!-- secondMethod -->
  <testcase name="thirdMethod" time="0.001" classname="test.Ireport"/>
</testsuite> <!-- Test -->
